<?xml version="1.0" encoding="UTF-8"?>
<!-- Generated by org.testng.reporters.JUnitReportReporter -->
<testsuite skipped="0" hostname="Jaga-Laptop" name="com.jtaf.qa.test.HomePageTest" tests="1" failures="0" timestamp="02 Mar 2022 08:37:41 GMT" time="12.396" errors="0">
  <testcase name="verifyHomePageTest" time="12.396" classname="com.jtaf.qa.test.HomePageTest"/>
</testsuite> <!-- com.jtaf.qa.test.HomePageTest -->
