<?xml version="1.0" encoding="UTF-8"?>
<!-- Generated by org.testng.reporters.JUnitReportReporter -->
<testsuite hostname="DESKTOP-H972F70" failures="0" tests="1" name="com.jtaf.qa.test.HomePageTest" time="23.998" errors="0" timestamp="03 Jul 2022 12:06:07 GMT" skipped="0">
  <testcase classname="com.jtaf.qa.test.HomePageTest" name="verifyHomePageTest" time="23.998"/>
</testsuite> <!-- com.jtaf.qa.test.HomePageTest -->
