<?xml version="1.0" encoding="UTF-8"?>
<!-- Generated by org.testng.reporters.JUnitReportReporter -->
<testsuite skipped="0" hostname="Jaga-Laptop" name="com.jtaf.qa.test.CustomerSearchPageTest" tests="1" failures="0" timestamp="03 Mar 2022 11:59:58 GMT" time="18.124" errors="0">
  <testcase name="verifyCustomerSearchTest" time="18.124" classname="com.jtaf.qa.test.CustomerSearchPageTest"/>
</testsuite> <!-- com.jtaf.qa.test.CustomerSearchPageTest -->
