<?xml version="1.0" encoding="UTF-8"?>
<!-- Generated by org.testng.reporters.JUnitReportReporter -->
<testsuite skipped="0" hostname="Jaga-Laptop" name="com.jtaf.qa.test.LoginPageTest" tests="1" failures="0" timestamp="01 Mar 2022 12:06:47 GMT" time="15.059" errors="0">
  <testcase name="verifyLoginTest" time="15.059" classname="com.jtaf.qa.test.LoginPageTest"/>
</testsuite> <!-- com.jtaf.qa.test.LoginPageTest -->
